<?xml version="1.0" encoding="UTF-8"?>
<testng-results skipped="0" failed="0" ignored="0" total="1" passed="1">
  <reporter-output>
  </reporter-output>
  <suite name="Default suite" duration-ms="3958" started-at="2023-10-28T19:53:24Z" finished-at="2023-10-28T19:53:27Z">
    <groups>
    </groups>
    <test name="Default test" duration-ms="3958" started-at="2023-10-28T19:53:24Z" finished-at="2023-10-28T19:53:27Z">
      <class name="RestAssuredBusyQA.RestAssuredBusyQA.restAssured_POST_Request">
        <test-method status="PASS" signature="postRequest()[pri:0, instance:RestAssuredBusyQA.RestAssuredBusyQA.restAssured_POST_Request@6ac13091]" name="postRequest" duration-ms="3921" started-at="2023-10-28T19:53:24Z" finished-at="2023-10-28T19:53:27Z">
          <reporter-output>
          </reporter-output>
        </test-method> <!-- postRequest -->
      </class> <!-- RestAssuredBusyQA.RestAssuredBusyQA.restAssured_POST_Request -->
    </test> <!-- Default test -->
  </suite> <!-- Default suite -->
</testng-results>
