<?xml version="1.0" encoding="UTF-8"?>
<testng-results total="2" passed="2" failed="0" skipped="0">
  <reporter-output>
  </reporter-output>
  <suite started-at="2023-11-24T00:19:47Z" name="RegressionSuite" finished-at="2023-11-24T00:20:05Z" duration-ms="18258">
    <groups>
    </groups>
    <test started-at="2023-11-24T00:19:47Z" name="Testing" finished-at="2023-11-24T00:20:05Z" duration-ms="18258">
      <class name="demo.project.PracticePageTest_Button2">
        <test-method is-config="true" signature="setUp()[pri:0, instance:demo.project.PracticePageTest_Button2@d21a74c]" started-at="2023-11-23T19:19:47Z" name="setUp" finished-at="2023-11-23T19:19:47Z" duration-ms="12" status="PASS">
          <reporter-output>
          </reporter-output>
        </test-method> <!-- setUp -->
        <test-method is-config="true" signature="beforeClass()[pri:0, instance:demo.project.PracticePageTest_Button2@d21a74c]" started-at="2023-11-23T19:19:47Z" name="beforeClass" finished-at="2023-11-23T19:19:47Z" duration-ms="238" status="PASS">
          <reporter-output>
          </reporter-output>
        </test-method> <!-- beforeClass -->
        <test-method is-config="true" signature="beforeTest(java.lang.reflect.Method)[pri:0, instance:demo.project.PracticePageTest_Button2@d21a74c]" started-at="2023-11-23T19:19:47Z" name="beforeTest" finished-at="2023-11-23T19:19:51Z" duration-ms="3984" status="PASS">
          <params>
            <param index="0">
              <value>
                <![CDATA[public void demo.project.PracticePageTest_Button2.TC01_Radio() throws java.lang.InterruptedException]]>
              </value>
            </param>
          </params>
          <reporter-output>
          </reporter-output>
        </test-method> <!-- beforeTest -->
        <test-method signature="TC01_Radio()[pri:0, instance:demo.project.PracticePageTest_Button2@d21a74c]" started-at="2023-11-23T19:19:51Z" name="TC01_Radio" finished-at="2023-11-23T19:19:57Z" duration-ms="5179" status="PASS">
          <reporter-output>
          </reporter-output>
        </test-method> <!-- TC01_Radio -->
        <test-method is-config="true" signature="afterMethod()[pri:0, instance:demo.project.PracticePageTest_Button2@d21a74c]" started-at="2023-11-23T19:19:57Z" name="afterMethod" finished-at="2023-11-23T19:19:57Z" duration-ms="197" status="PASS">
          <reporter-output>
          </reporter-output>
        </test-method> <!-- afterMethod -->
        <test-method is-config="true" signature="beforeTest(java.lang.reflect.Method)[pri:0, instance:demo.project.PracticePageTest_Button2@d21a74c]" started-at="2023-11-23T19:19:57Z" name="beforeTest" finished-at="2023-11-23T19:20:00Z" duration-ms="3041" status="PASS">
          <params>
            <param index="0">
              <value>
                <![CDATA[public void demo.project.PracticePageTest_Button2.TC02_CheckBox() throws java.lang.InterruptedException]]>
              </value>
            </param>
          </params>
          <reporter-output>
          </reporter-output>
        </test-method> <!-- beforeTest -->
        <test-method signature="TC02_CheckBox()[pri:0, instance:demo.project.PracticePageTest_Button2@d21a74c]" started-at="2023-11-23T19:20:00Z" name="TC02_CheckBox" finished-at="2023-11-23T19:20:05Z" duration-ms="5205" status="PASS">
          <reporter-output>
          </reporter-output>
        </test-method> <!-- TC02_CheckBox -->
        <test-method is-config="true" signature="afterMethod()[pri:0, instance:demo.project.PracticePageTest_Button2@d21a74c]" started-at="2023-11-23T19:20:05Z" name="afterMethod" finished-at="2023-11-23T19:20:05Z" duration-ms="167" status="PASS">
          <reporter-output>
          </reporter-output>
        </test-method> <!-- afterMethod -->
        <test-method is-config="true" signature="afterClass()[pri:0, instance:demo.project.PracticePageTest_Button2@d21a74c]" started-at="2023-11-23T19:20:05Z" name="afterClass" finished-at="2023-11-23T19:20:05Z" duration-ms="228" status="PASS">
          <reporter-output>
          </reporter-output>
        </test-method> <!-- afterClass -->
        <test-method is-config="true" signature="afterSuite()[pri:0, instance:demo.project.PracticePageTest_Button2@d21a74c]" started-at="2023-11-23T19:20:05Z" name="afterSuite" finished-at="2023-11-23T19:20:05Z" duration-ms="0" status="PASS">
          <reporter-output>
          </reporter-output>
        </test-method> <!-- afterSuite -->
      </class> <!-- demo.project.PracticePageTest_Button2 -->
    </test> <!-- Testing -->
  </suite> <!-- RegressionSuite -->
</testng-results>
